{"name": "Открытие модального окна с деталями заказа", "status": "broken", "statusDetails": {"message": "AttributeError: 'MainPage' object has no attribute 'js_click'", "trace": "self = <pages.main_page.MainPage object at 0x0000017164CED010>\n\n    def place_order(self):\n        self.close_any_modal()\n    \n        btn = self.find_visible(MainPageLocators.PLACE_ORDER_BUTTON, timeout=25)\n        WebDriverWait(self.driver, 25).until(EC.element_to_be_clickable(MainPageLocators.PLACE_ORDER_BUTTON))\n    \n        try:\n>           btn.click()\n\npages\\main_page.py:149: \n_ _ _ _ _ _ _ _ _ _ _ _ _ _ _ _ _ _ _ _ _ _ _ _ _ _ _ _ _ _ _ _ _ _ _ _ _ _ _ _ _ _ _ _ _ _ _ _ _ _ _ _ _ _ _ _ _ _ _ _ _ _ _ _ _ _ _ _ _ _ _ _ \n..\\AppData\\Roaming\\Python\\Python313\\site-packages\\selenium\\webdriver\\remote\\webelement.py:119: in click\n    self._execute(Command.CLICK_ELEMENT)\n..\\AppData\\Roaming\\Python\\Python313\\site-packages\\selenium\\webdriver\\remote\\webelement.py:572: in _execute\n    return self._parent.execute(command, params)\n..\\AppData\\Roaming\\Python\\Python313\\site-packages\\selenium\\webdriver\\remote\\webdriver.py:458: in execute\n    self.error_handler.check_response(response)\n_ _ _ _ _ _ _ _ _ _ _ _ _ _ _ _ _ _ _ _ _ _ _ _ _ _ _ _ _ _ _ _ _ _ _ _ _ _ _ _ _ _ _ _ _ _ _ _ _ _ _ _ _ _ _ _ _ _ _ _ _ _ _ _ _ _ _ _ _ _ _ _ \n\nself = <selenium.webdriver.remote.errorhandler.ErrorHandler object at 0x0000017164CE8C80>\nresponse = {'status': 400, 'value': '{\"value\":{\"error\":\"element click intercepted\",\"message\":\"element click intercepted: Element ...ff6e283ed7c\\\\n\\\\t0x7ff6e2821ff4\\\\n\\\\t0x7ff6e28221a5\\\\n\\\\t0x7ff6e2807ed2\\\\n\\\\t0x7fff5567e8d7\\\\n\\\\t0x7fff5724c53c\\\\n\"}}'}\n\n    def check_response(self, response: dict[str, Any]) -> None:\n        \"\"\"Checks that a JSON response from the WebDriver does not have an\n        error.\n    \n        Args:\n            response: The JSON response from the WebDriver server as a dictionary\n                object.\n    \n        Raises:\n            WebDriverException: If the response contains an error message.\n        \"\"\"\n        status = response.get(\"status\", None)\n        if not status or status == ErrorCode.SUCCESS:\n            return\n        value = None\n        message = response.get(\"message\", \"\")\n        screen: str = response.get(\"screen\", \"\")\n        stacktrace = None\n        if isinstance(status, int):\n            value_json = response.get(\"value\", None)\n            if value_json and isinstance(value_json, str):\n                try:\n                    value = json.loads(value_json)\n                    if isinstance(value, dict):\n                        if len(value) == 1:\n                            value = value[\"value\"]\n                        status = value.get(\"error\", None)\n                        if not status:\n                            status = value.get(\"status\", ErrorCode.UNKNOWN_ERROR)\n                            message = value.get(\"value\") or value.get(\"message\")\n                            if not isinstance(message, str):\n                                value = message\n                                message = message.get(\"message\") if isinstance(message, dict) else None\n                        else:\n                            message = value.get(\"message\", None)\n                except ValueError:\n                    pass\n    \n        exception_class: type[WebDriverException]\n        e = ErrorCode()\n        error_codes = [item for item in dir(e) if not item.startswith(\"__\")]\n        for error_code in error_codes:\n            error_info = getattr(ErrorCode, error_code)\n            if isinstance(error_info, list) and status in error_info:\n                exception_class = getattr(ExceptionMapping, error_code, WebDriverException)\n                break\n        else:\n            exception_class = WebDriverException\n    \n        if not value:\n            value = response[\"value\"]\n        if isinstance(value, str):\n            raise exception_class(value)\n        if message == \"\" and \"message\" in value:\n            message = value[\"message\"]\n    \n        screen = None  # type: ignore[assignment]\n        if \"screen\" in value:\n            screen = value[\"screen\"]\n    \n        stacktrace = None\n        st_value = value.get(\"stackTrace\") or value.get(\"stacktrace\")\n        if st_value:\n            if isinstance(st_value, str):\n                stacktrace = st_value.split(\"\\n\")\n            else:\n                stacktrace = []\n                try:\n                    for frame in st_value:\n                        line = frame.get(\"lineNumber\", \"\")\n                        file = frame.get(\"fileName\", \"<anonymous>\")\n                        if line:\n                            file = f\"{file}:{line}\"\n                        meth = frame.get(\"methodName\", \"<anonymous>\")\n                        if \"className\" in frame:\n                            meth = f\"{frame['className']}.{meth}\"\n                        msg = \"    at %s (%s)\"\n                        msg = msg % (meth, file)\n                        stacktrace.append(msg)\n                except TypeError:\n                    pass\n        if exception_class == UnexpectedAlertPresentException:\n            alert_text = None\n            if \"data\" in value:\n                alert_text = value[\"data\"].get(\"text\")\n            elif \"alert\" in value:\n                alert_text = value[\"alert\"].get(\"text\")\n            raise exception_class(message, screen, stacktrace, alert_text)  # type: ignore[call-arg]  # mypy is not smart enough here\n>       raise exception_class(message, screen, stacktrace)\nE       selenium.common.exceptions.ElementClickInterceptedException: Message: element click intercepted: Element <button class=\"button_button__33qZ0 button_button_type_primary__1O7Bx button_button_size_large__G21Vg\">...</button> is not clickable at point (1139, 518). Other element would receive the click: <div class=\"Modal_modal_overlay__x2ZCr\"></div>\nE         (Session info: chrome=143.0.7499.193); For documentation on this error, please visit: https://www.selenium.dev/documentation/webdriver/troubleshooting/errors#elementclickinterceptedexception\nE       Stacktrace:\nE       Symbols not available. Dumping unresolved backtrace:\nE       \t0x7ff6e28188d5\nE       \t0x7ff6e2818930\nE       \t0x7ff6e25f165d\nE       \t0x7ff6e26519e8\nE       \t0x7ff6e264f40f\nE       \t0x7ff6e264c417\nE       \t0x7ff6e264b338\nE       \t0x7ff6e263ce7f\nE       \t0x7ff6e2671fda\nE       \t0x7ff6e263c746\nE       \t0x7ff6e269ac97\nE       \t0x7ff6e263ac29\nE       \t0x7ff6e263ba93\nE       \t0x7ff6e2b30620\nE       \t0x7ff6e2b2af60\nE       \t0x7ff6e2b496c6\nE       \t0x7ff6e2835dd4\nE       \t0x7ff6e283ed7c\nE       \t0x7ff6e2821ff4\nE       \t0x7ff6e28221a5\nE       \t0x7ff6e2807ed2\nE       \t0x7fff5567e8d7\nE       \t0x7fff5724c53c\n\n..\\AppData\\Roaming\\Python\\Python313\\site-packages\\selenium\\webdriver\\remote\\errorhandler.py:233: ElementClickInterceptedException\n\nDuring handling of the above exception, another exception occurred:\n\ndriver = <selenium.webdriver.chrome.webdriver.WebDriver (session=\"a676b5c7db434d90fb122ff67c836081\")>\nauthorized_user = {'access_token': 'Bearer eyJhbGciOiJIUzI1NiIsInR5cCI6IkpXVCJ9.eyJpZCI6IjY5NjRlYTQ3OTg0MjcwMDAxYmUzMmYyMCIsImlhdCI6MTc2...XAjbNlLgjqC7GfnDVAwAmcxwy0a4', 'email': 'test_d417ed19-173f-4569-8844-d9bd0dc79372@mail.ru', 'password': 'Password123'}\n\n    @pytest.fixture\n    def user_order_number(driver, authorized_user):\n        from pages.main_page import MainPage\n    \n        main = MainPage(driver)\n        main.open_main()\n        main.add_ingredient_to_order()\n>       number = main.place_order_and_get_number()\n\nconftest.py:97: \n_ _ _ _ _ _ _ _ _ _ _ _ _ _ _ _ _ _ _ _ _ _ _ _ _ _ _ _ _ _ _ _ _ _ _ _ _ _ _ _ _ _ _ _ _ _ _ _ _ _ _ _ _ _ _ _ _ _ _ _ _ _ _ _ _ _ _ _ _ _ _ _ \npages\\main_page.py:182: in place_order_and_get_number\n    self.place_order()\n_ _ _ _ _ _ _ _ _ _ _ _ _ _ _ _ _ _ _ _ _ _ _ _ _ _ _ _ _ _ _ _ _ _ _ _ _ _ _ _ _ _ _ _ _ _ _ _ _ _ _ _ _ _ _ _ _ _ _ _ _ _ _ _ _ _ _ _ _ _ _ _ \n\nself = <pages.main_page.MainPage object at 0x0000017164CED010>\n\n    def place_order(self):\n        self.close_any_modal()\n    \n        btn = self.find_visible(MainPageLocators.PLACE_ORDER_BUTTON, timeout=25)\n        WebDriverWait(self.driver, 25).until(EC.element_to_be_clickable(MainPageLocators.PLACE_ORDER_BUTTON))\n    \n        try:\n            btn.click()\n        except Exception:\n>           self.js_click(btn)\nE           AttributeError: 'MainPage' object has no attribute 'js_click'\n\npages\\main_page.py:151: AttributeError"}, "start": 1768221255018, "stop": 1768221255018, "uuid": "53950dcd-aedb-4895-bc9b-1208caba02ba", "historyId": "ca075ec574c16782bf4f3e1d765fccd9", "testCaseId": "ca075ec574c16782bf4f3e1d765fccd9", "fullName": "tests.test_order_feed#test_user_orders_are_visible_in_feed", "labels": [{"name": "story", "value": "Детали заказа"}, {"name": "feature", "value": "Лента заказов"}, {"name": "parentSuite", "value": "tests"}, {"name": "suite", "value": "test_order_feed"}, {"name": "host", "value": "LAPTOP-BB9RQHF7"}, {"name": "thread", "value": "19460-MainThread"}, {"name": "framework", "value": "pytest"}, {"name": "language", "value": "cpython3"}, {"name": "package", "value": "tests.test_order_feed"}], "titlePath": ["tests", "test_order_feed.py"]}